\BOOKMARK [0][-]{chapter.1}{Introduction}{}% 1
\BOOKMARK [1][-]{section.1.1}{Purpose}{chapter.1}% 2
\BOOKMARK [2][-]{subsection.1.1.1}{Goals}{section.1.1}% 3
\BOOKMARK [1][-]{section.1.2}{Scope}{chapter.1}% 4
\BOOKMARK [1][-]{section.1.3}{Document Structure}{chapter.1}% 5
\BOOKMARK [0][-]{chapter.2}{Idea and Requirements}{}% 6
\BOOKMARK [1][-]{section.2.1}{Product perspective}{chapter.2}% 7
\BOOKMARK [1][-]{section.2.2}{Product functions}{chapter.2}% 8
\BOOKMARK [1][-]{section.2.3}{User characteristics}{chapter.2}% 9
\BOOKMARK [1][-]{section.2.4}{Assumptions, dependencies and constraints}{chapter.2}% 10
\BOOKMARK [1][-]{section.2.5}{Performance Requirements}{chapter.2}% 11
\BOOKMARK [1][-]{section.2.6}{Design Constraints}{chapter.2}% 12
\BOOKMARK [2][-]{subsection.2.6.1}{Standards compliance}{section.2.6}% 13
\BOOKMARK [2][-]{subsection.2.6.2}{Hardware limitations}{section.2.6}% 14
\BOOKMARK [1][-]{section.2.7}{Software System Attributes}{chapter.2}% 15
\BOOKMARK [2][-]{subsection.2.7.1}{Reliability}{section.2.7}% 16
\BOOKMARK [2][-]{subsection.2.7.2}{Availability}{section.2.7}% 17
\BOOKMARK [2][-]{subsection.2.7.3}{Security}{section.2.7}% 18
\BOOKMARK [0][-]{chapter.3}{Architecture}{}% 19
\BOOKMARK [1][-]{section.3.1}{Client-side application}{chapter.3}% 20
\BOOKMARK [2][-]{subsection.3.1.1}{Code package}{section.3.1}% 21
\BOOKMARK [1][-]{section.3.2}{Server-side application}{chapter.3}% 22
\BOOKMARK [0][-]{chapter.4}{Design}{}% 23
\BOOKMARK [1][-]{section.4.1}{Icon}{chapter.4}% 24
\BOOKMARK [1][-]{section.4.2}{Navigation}{chapter.4}% 25
\BOOKMARK [1][-]{section.4.3}{Stats}{chapter.4}% 26
\BOOKMARK [1][-]{section.4.4}{Stations}{chapter.4}% 27
\BOOKMARK [1][-]{section.4.5}{Profile}{chapter.4}% 28
\BOOKMARK [0][-]{chapter.5}{External services and Libraries}{}% 29
\BOOKMARK [1][-]{section.5.1}{Firebase}{chapter.5}% 30
\BOOKMARK [2][-]{subsection.5.1.1}{Authentication}{section.5.1}% 31
\BOOKMARK [2][-]{subsection.5.1.2}{Database}{section.5.1}% 32
\BOOKMARK [2][-]{subsection.5.1.3}{Storage}{section.5.1}% 33
\BOOKMARK [1][-]{section.5.2}{Google Cloud Platform}{chapter.5}% 34
\BOOKMARK [2][-]{subsection.5.2.1}{Google Maps}{section.5.2}% 35
\BOOKMARK [1][-]{section.5.3}{Minor Packages}{chapter.5}% 36
\BOOKMARK [0][-]{chapter.6}{Test Cases}{}% 37
\BOOKMARK [1][-]{section.6.1}{Login and registration}{chapter.6}% 38
\BOOKMARK [1][-]{section.6.2}{Stats page}{chapter.6}% 39
\BOOKMARK [1][-]{section.6.3}{Stations}{chapter.6}% 40
\BOOKMARK [1][-]{section.6.4}{Profile}{chapter.6}% 41
\BOOKMARK [0][-]{chapter.7}{Cost estimation}{}% 42
\BOOKMARK [0][-]{chapter.8}{Conclusions}{}% 43
